<?xml version="1.0" encoding="UTF-8"?>
<!-- Generated by org.testng.reporters.JUnitReportReporter -->
<testsuite skipped="0" hostname="Younis123" name="TestNGPackage.Log4J" tests="1" failures="0" timestamp="2020-12-19T19:32:11 IST" time="0.015" errors="0">
  <testcase name="Login" time="0.015" classname="TestNGPackage.Log4J"/>
</testsuite> <!-- TestNGPackage.Log4J -->
