<?xml version="1.0" encoding="UTF-8"?>
<!-- Generated by org.testng.reporters.JUnitReportReporter -->
<testsuite skipped="0" hostname="Younis123" name="TestNGPackage.FirstTestNGTC" tests="2" failures="0" timestamp="2020-11-30T20:59:16 IST" time="0.029" errors="0">
  <testcase name="display" time="0.026" classname="TestNGPackage.FirstTestNGTC"/>
  <testcase name="run" time="0.003" classname="TestNGPackage.FirstTestNGTC"/>
</testsuite> <!-- TestNGPackage.FirstTestNGTC -->
