<?xml version="1.0" encoding="UTF-8"?>
<!-- Generated by org.testng.reporters.JUnitReportReporter -->
<testsuite skipped="0" hostname="Younis123" name="TestNGPackage.PageObjImplementation" tests="2" failures="0" timestamp="2020-12-20T14:46:36 IST" time="18.326" errors="0">
  <testcase name="Setup" time="11.780" classname="TestNGPackage.PageObjImplementation"/>
  <testcase name="Login" time="6.546" classname="TestNGPackage.PageObjImplementation"/>
</testsuite> <!-- TestNGPackage.PageObjImplementation -->
